a diferencia
a pesar de
ahora bien
al contrario
antes al contrario
antes bien
aparte de eso
aparte de esto
así y todo
aun así
aun con eso y con todo
aun con todo
aunque
con esto y todo
con todo
con todo y con eso
de cualquier manera
de todas formas
de todas maneras
de todos modos
después de todo
empero
en cambio
en cualquier caso
en efecto
en realidad
eso sí
esto sí
excepto
incluso
más bien
no obstante
pero
pero de todos modos
por contra
por el contrario
puede ser que
sin embargo
todo lo contrario
lo anterior no quiere decir que