a decir verdad
a saber
a su vez
a todo esto
acerca de
además
al mismo tiempo
análogamente
aparte
así
así como
así por ejemplo
así pues
así tenemos
asimismo
como muestra
con referencia a
con relación a
con respecto a
conciernemente a
concretamente
de forma similar
de hecho
de igual importancia
de igual manera
de igual modo
de la misma forma
de la misma forma
de la misma manera
de nuevo
del mismo modo
dicho sea de paso
en concreto
en cuanto a
en el fondo
en igual forma
en las mismas circunstancias
en lo que concierne a
en lo que respecta
en lo que toca a
en lo tocante
en particular
en realidad
en relación con
encima
entonces
entonces eso
entre paréntesis
es decir
es más
es que
esto es
hablando de
hay que mencionar
igualmente
más
más aún
o sea
otro aspecto
otro punto es
pongamos por caso
por añadidura
por cierto
por ejemplo
por lo que se refiere a
por lo que se refiere de
por otro lado
por si fuera poco
propósito
referente a
respecto a
sobre
sobre todo
verbigracia
y
el siguiente punto trata de
