así que
por esta razón
de modo que
por consiguiente
por ende
ello se debe a
por lo tanto
porque
pues
dado que
a causa de
por el hecho de que
ya que
puesto que
en consecuencia
como consecuencia
como resultado
a raíz de
por este motivo
por eso
por esto
es que
y es que
a la vista de esto
en vista de
por causa de
así pues
así
así que
con lo que
con lo cual
consecuentemente
consiguientemente
dadas estas circunstancias
dadas esas circunstancias
dadas tales circunstancias
de ahí que
de aquí que
debido a esto
debido a ello
de modo que
de manera que
de suerte que
en consecuencia,
entonces
gracias a esto
gracias a ello
o sea que
o sea
por consiguiente
por culpa de esto
por culpa de eso
por este motivo
por ese motivo
por esto
por ello
por tanto y pues
por lo tanto y pues