dicho con otras palabras
dicho en otros términos
dicho de otra forma
dicho de otra manera
de otro modo
más claramente
más llanamente
hablando en plata
más bien
mejor dicho
por mejor decir
a ver
digamos
entonces
entonces eso
es verdad que
es cierto que
dicho esto
pues bien
deseo subrayar que
indiscutiblemente
lo más importante
lo peor del caso
Por supuesto que
Precisamente
A lo mejor
Admitamos por el momento
Consideremos esta hipótesis
Es posible que
Es probable que
Parto de la siguiente hipótesis
Planteo como hipótesis
Posiblemente
con esto quiero decir
como se ha dicho
en otras palabras
Todo esto parece confirmar
Me gustaría dejar claro
