a continuación
a fin de cuentas
a la vez
actualmente
ahora
al fin y al cabo
al final
al principio
ante todo
antes
antes de nada
antes que nada
con todo
de otra parte
de una parte
desde entonces
después
después de todo
en conclusión
en definitiva
en esta época
en este momento
en fin
en la actualidad
en otra época
en primer lugar
en primer término
en resumen
en resumidas cuentas
en segundo lugar
en segundo término
en síntesis
en suma
en tercer lugar
en tercer término
en último lugar
en una palabra
entonces
entre tanto
finalmente
hasta ahora
luego
más adelante
más tarde
mientras tanto
para empezar
para terminar
por ahora
por otra parte
por otro lado
por último
Por último, y como punto no menos importante
por un lado
por una parte
posteriormente
primeramente
primero
pronto
resumiendo
seguidamente
siguiente
simultáneamente
total