Abfließen 
Abklingen
Ableben
Absinken 
Abstehen
Andenken 
Ankommen 
Anliegen
Ansinnen
Aufbrechen
Aufbäumen
Aufheben
Auftauen
Auftreten
Ausbleiben
Auseinandergehen
Ausscheiden
Bedenken 
Belieben 
Bemühen
Bestehen 
Bestreben 
Chiffrieren 
Denken
Durchbuchstabieren 
Eindringen 
Einfrieren
Eingreifen 
Einsetzen
Entgegenwirken
Entstehen 
Erachten 
Erbrechen 
Erfahren
Erkennen 
Erlahmen 
Erleben 
Erlernen 
Erreichen
Essen 
Fernsehen 
Fühlen
Gedenken 
Gefallen
Geschehen 
Gestalten Grübeln 
Handeln
Heraufsetzen 
Herausschneiden
Injizieren 
Integrieren 
Kicken 
Knobeln 
Kopieren
Lahmlegen
Leben 
Leiden 
Lernen
Lügen
Maximieren 
Missbehagen 
Multiplizieren
Nachdenken 
Nachsehen 
Nutzen 
Phantasieren
Planen 
Prosperieren Rationalisieren
Regenerieren
Reiben 
Reisen Rennen 
Scheitern 
Schichten 
Schnupfen 
Schreiben
Spleißen
Streiten 
Tanzen
Treffen
Treiben 
Umdenken
Umfragen 
Umlenken
Verfahren
Vergehen
Verhalten 
Verkennen 
Verlangen Versagen
Versprechen 
Vertrauen 
Vollkommen
Voranschreiten 
Vorbehalten 
Vorgehen Vorkommen
Wandern 
Weggehen 
Wegwerfen
Wiederanknüpfen 
Wissen
Zaudern 
Zurückschneiden 
Zusammenleben
Zusammenwachsen
Zusammenwirken 
Öffnen
Überdenken 
Übereinkommen 
Überleben