angeblich
anscheinend
bekanntermaßen
bekanntlich
bestimmt
bezeichnenderweise
davon überzeugt , dass
der Meinung , dass
erwiesenermaßen
erwiesenerweise
eventuell
fraglich
fraglos
geteilte Meinung 
gewiß
gewißlich
kein Zweifel
keinen Zweifel daran , dass
klar
klarerweise
meinen
Meiner Erfahrung nach
Meiner Meinung nach
Mir scheint , dass
mit Notwendigkeit
mit Sicherheit
möglich
möglicherweise
muss zugeben , dass
nachgewiesenermaßen
nachweislich
natürlich
natürlicherweise
norwalerweise
notwendig
notwendigerweise
offenbar
offenkundig
offensichtlich
ohnedies
ohnehin
ohne Zweifel
plausiblerweise
scheinbar
selbstverständlich
sicher
sicherlich
sinnigerweise
Soviel ich weiß ,
Soweit ich das beurteilen kann ,
Soweit man das beurteilen kann ,
So wie ich das sehe ,
Soviel ich weiß ,
sowieso
überzeugt
unumgänglich
unwahrscheinlich
unzweifelhaft
verdienstvollerweise
vermutlich
vielleicht
wahrscheinlich
wenigstens
Wenn ich mich nicht täusche
wie angenommen
Wie behauptet 
wie erwarten
wie verlautet
wie zu vermuten ist
wirklich
zweifellos
zweifelsohne
in jedem Fall
jedenfalls
